<?xml version="1.0" encoding="UTF-8"?>
<!-- Generated by org.testng.reporters.JUnitXMLReporter -->
<testsuite hostname="LAPTOP-7VIA4UBT" ignored="0" name="Default test" tests="2" failures="1" timestamp="2021-11-16T13:01:34 IST" time="15.363" errors="0">
  <testcase name="runScenario" time="8.93" classname="io.cucumber.testng.AbstractTestNGCucumberTests"/>
  <testcase name="runScenario" time="4.387" classname="io.cucumber.testng.AbstractTestNGCucumberTests">
    <failure type="java.lang.AssertionError" message="expected [Cypress Tutorial - Google Search] but found [Cypress Tutorial - Google Searc]">
      <![CDATA[java.lang.AssertionError: expected [Cypress Tutorial - Google Search] but found [Cypress Tutorial - Google Searc]
at org.testng.Assert.fail(Assert.java:99)
at org.testng.Assert.failNotEquals(Assert.java:1037)
at org.testng.Assert.assertEqualsImpl(Assert.java:140)
at org.testng.Assert.assertEquals(Assert.java:122)
at org.testng.Assert.assertEquals(Assert.java:629)
at org.testng.Assert.assertEquals(Assert.java:639)
at stepdefs.GooglePageStepDef.should_display_cypress_result_page(GooglePageStepDef.java:51)
at ✽.should display Cypress result page(file:///C:/Users/chait/eclipse-workspace/BDDTestNG/src/test/resources/features/googlesearchtwo.feature:5)
]]>
    </failure>
  </testcase> <!-- runScenario -->
</testsuite> <!-- Default test -->
